<?xml version="1.0" encoding="UTF-8"?>
<testsuite name="Kotest" tests="1" skipped="0" failures="0" errors="0" timestamp="2022-05-31T16:50:44" hostname="CRED-2Y4CDM3" time="0.003">
  <properties/>
  <testcase name="testando fibo" classname="Kotest" time="0.003"/>
  <system-out><![CDATA[]]></system-out>
  <system-err><![CDATA[]]></system-err>
</testsuite>
