<?xml version="1.0" encoding="UTF-8"?>
<testsuite name="testFizzBuzz" tests="1" skipped="0" failures="0" errors="0" timestamp="2022-05-31T14:18:57" hostname="CRED-2Y4CDM3" time="0.018">
  <properties/>
  <testcase name="testfibonacci()" classname="testFizzBuzz" time="0.018"/>
  <system-out><![CDATA[]]></system-out>
  <system-err><![CDATA[]]></system-err>
</testsuite>
