<?xml version="1.0" encoding="UTF-8"?>
<testsuite name="testFizzBuzz" tests="4" skipped="0" failures="0" errors="0" timestamp="2022-05-30T13:16:52" hostname="CRED-2Y4CDM3" time="0.022">
  <properties/>
  <testcase name="fizzbuzz()" classname="testFizzBuzz" time="0.017"/>
  <testcase name="buzz()" classname="testFizzBuzz" time="0.001"/>
  <testcase name="fizz()" classname="testFizzBuzz" time="0.001"/>
  <testcase name="returnNumber()" classname="testFizzBuzz" time="0.001"/>
  <system-out><![CDATA[FizzBuzz
buzz
fizz
4
]]></system-out>
  <system-err><![CDATA[]]></system-err>
</testsuite>
