<?xml version="1.0" encoding="UTF-8"?>
<testsuite name="kotest" tests="4" skipped="0" failures="0" errors="0" timestamp="2022-05-27T17:50:43" hostname="CRED-2Y4CDM3" time="0.012">
  <properties/>
  <testcase name="testano mult" classname="kotest" time="0.009"/>
  <testcase name="testando div" classname="kotest" time="0.009"/>
  <testcase name="testando sub" classname="kotest" time="0.013"/>
  <testcase name="testando Soma" classname="kotest" time="0.019"/>
  <system-out><![CDATA[[WARN] When comparing doubles consider using tolerance, eg: a shouldBe (b plusOrMinus c)
[WARN] When comparing doubles consider using tolerance, eg: a shouldBe (b plusOrMinus c)
[WARN] When comparing doubles consider using tolerance, eg: a shouldBe (b plusOrMinus c)
[WARN] When comparing doubles consider using tolerance, eg: a shouldBe (b plusOrMinus c)
[WARN] When comparing doubles consider using tolerance, eg: a shouldBe (b plusOrMinus c)
[WARN] When comparing doubles consider using tolerance, eg: a shouldBe (b plusOrMinus c)
[WARN] When comparing doubles consider using tolerance, eg: a shouldBe (b plusOrMinus c)
[WARN] When comparing doubles consider using tolerance, eg: a shouldBe (b plusOrMinus c)
[WARN] When comparing doubles consider using tolerance, eg: a shouldBe (b plusOrMinus c)
[WARN] When comparing doubles consider using tolerance, eg: a shouldBe (b plusOrMinus c)
[WARN] When comparing doubles consider using tolerance, eg: a shouldBe (b plusOrMinus c)
[WARN] When comparing doubles consider using tolerance, eg: a shouldBe (b plusOrMinus c)
]]></system-out>
  <system-err><![CDATA[]]></system-err>
</testsuite>
