<?xml version="1.0" encoding="UTF-8"?>
<testsuite name="SampleTest" tests="2" skipped="0" failures="0" errors="0" timestamp="2022-05-25T16:18:33" hostname="CRED-2Y4CDM3" time="0.015">
  <properties/>
  <testcase name="testSum()" classname="SampleTest" time="0.014"/>
  <testcase name="testSubstract()" classname="SampleTest" time="0.001"/>
  <system-out><![CDATA[]]></system-out>
  <system-err><![CDATA[]]></system-err>
</testsuite>
