<?xml version="1.0" encoding="UTF-8"?>
<testsuite name="SampleTest" tests="4" skipped="0" failures="0" errors="0" timestamp="2022-05-26T14:50:35" hostname="CRED-2Y4CDM3" time="0.015">
  <properties/>
  <testcase name="testSum()" classname="SampleTest" time="0.012"/>
  <testcase name="testMultiplication()" classname="SampleTest" time="0.0"/>
  <testcase name="testdivision()" classname="SampleTest" time="0.0"/>
  <testcase name="testSubstract()" classname="SampleTest" time="0.001"/>
  <system-out><![CDATA[]]></system-out>
  <system-err><![CDATA[]]></system-err>
</testsuite>
